DEBUG:root:Successfully received the information with post
DEBUG:root:Successfully received the information with post
DEBUG:root:Successfully received the information with post
DEBUG:root:Successfully received the information with post
DEBUG:root:Successfully received the information with post
DEBUG:root:Successfully received the information with post
DEBUG:root:Successfully received the information with post
DEBUG:root:Successfully received the information with post
DEBUG:root:Successfully received the information with post
DEBUG:root:Successfully received the information with post
DEBUG:root:Successfully received the information with post
DEBUG:root:Successfully received the information with post
DEBUG:root:Successfully received the information with post
DEBUG:root:Successfully received the information with post
DEBUG:root:Successfully received the information with post
DEBUG:root:Successfully received the information with post
DEBUG:root:Successfully received the information with post
DEBUG:root:Successfully received the information with post
DEBUG:root:Successfully received the information with post
DEBUG:root:Successfully received the information with post
DEBUG:root:Successfully received the information with post
DEBUG:root:Successfully received the information with post
DEBUG:root:Successfully received the information with post
DEBUG:root:Successfully received the information with post
DEBUG:root:Successfully received the information with post
DEBUG:root:Successfully received the information with post
DEBUG:root:Successfully received the information with post
DEBUG:root:Successfully received the information with post
DEBUG:root:Successfully received the information with post
DEBUG:root:Successfully received the information with post
DEBUG:root:Successfully received the information with post
DEBUG:root:Successfully received the information with post
DEBUG:root:Successfully received the information with post
DEBUG:root:Successfully received the information with post
DEBUG:root:Successfully received the information with post
DEBUG:root:Successfully received the information with post
DEBUG:root:Successfully received the information with post
DEBUG:root:Successfully received the information with post
DEBUG:root:Successfully received the information with post
DEBUG:root:Successfully received the information with post
DEBUG:root:Successfully received the information with post
DEBUG:root:Successfully received the information with post
ERROR:root:error
DEBUG:root:Successfully received the information with post
ERROR:root:error
DEBUG:root:Successfully received the information with post
ERROR:root:error
DEBUG:root:Successfully received the information with post
ERROR:root:error
DEBUG:root:Successfully received the information with post
ERROR:root:error
DEBUG:root:Successfully received the information with post
ERROR:root:error
DEBUG:root:Successfully received the information with post
ERROR:root:error
DEBUG:root:Successfully received the information with post
ERROR:root:error
DEBUG:root:Successfully received the information with post
ERROR:root:error
DEBUG:root:Successfully received the information with post
ERROR:root:error
DEBUG:root:Successfully received the information with post
DEBUG:root:Successfully received the information with post
DEBUG:root:Successfully received the information with post
ERROR:root:<class 'sqlite3.IntegrityError'>
DEBUG:root:Successfully received the information with post
ERROR:root:<class 'sqlite3.IntegrityError'>
DEBUG:root:Successfully received the information with post
ERROR:root:<class 'sqlite3.IntegrityError'>
DEBUG:root:Successfully received the information with post
DEBUG:root:Successfully received the information with post
DEBUG:root:Successfully received the information with post
DEBUG:root:Successfully received the information with post
DEBUG:root:Successfully received the information with post
ERROR:root:<class 'sqlite3.IntegrityError'>
DEBUG:root:Successfully received the information with post
ERROR:root:<class 'sqlite3.IntegrityError'>
DEBUG:root:Successfully received the information with post
DEBUG:root:Successfully received the information with post
DEBUG:root:Successfully received the information with post
ERROR:root:<class 'sqlite3.IntegrityError'>
DEBUG:root:Successfully received the information with post
DEBUG:root:Successfully received the information with post
DEBUG:root:Successfully received the information with post
ERROR:root:<class 'sqlite3.IntegrityError'>
DEBUG:root:Successfully received the information with post
ERROR:root:<class 'sqlite3.IntegrityError'>
DEBUG:root:Successfully received the information with post
2018-02-17 15:01:38,121 Successfully received the information with post
02/17/2018 06:10:53 PM:DEBUG:Successfully received the information with post
02/17/2018 06:10:53 PM:ERROR:<class 'sqlite3.IntegrityError'>
02/17/2018 06:25:45 PM:DEBUG:Successfully received the information with post
02/17/2018 06:26:20 PM:DEBUG:Successfully received the information with post
02/17/2018 06:26:39 PM:DEBUG:Successfully received the information with post
02/17/2018 06:26:58 PM:DEBUG:Successfully received the information with post
02/17/2018 06:27:17 PM:DEBUG:Successfully received the information with post
02/17/2018 06:27:36 PM:DEBUG:Successfully received the information with post
02/17/2018 06:27:55 PM:DEBUG:Successfully received the information with post
02/17/2018 06:28:14 PM:DEBUG:Successfully received the information with post
02/17/2018 06:28:33 PM:DEBUG:Successfully received the information with post
02/17/2018 06:28:56 PM:DEBUG:Successfully received the information with post
